<?xml version="1.0" encoding="UTF-8"?>
<!-- Generated by org.testng.reporters.JUnitXMLReporter -->
<testsuite ignored="0" hostname="DESKTOP-F271CLB" failures="1" tests="2" name="EdgeTest" time="119.084" errors="0" timestamp="2023-08-06T14:44:18 IST">
  <testcase classname="testCases.AccountRegistration" name="Account_registration" time="43.939">
    <failure type="java.lang.AssertionError" message="null">
      <![CDATA[java.lang.AssertionError: null
at testCases.AccountRegistration.Account_registration(AccountRegistration.java:28)
at java.base/java.util.ArrayList.forEach(ArrayList.java:1511)
at java.base/java.util.concurrent.FutureTask.run(FutureTask.java:317)
at java.base/java.util.concurrent.ThreadPoolExecutor.runWorker(ThreadPoolExecutor.java:1144)
at java.base/java.util.concurrent.ThreadPoolExecutor$Worker.run(ThreadPoolExecutor.java:642)
at java.base/java.lang.Thread.run(Thread.java:1589)
... Removed 17 stack frames]]>
    </failure>
  </testcase> <!-- Account_registration -->
  <testcase classname="testCases.LoginNaukri" name="login" time="7.535"/>
</testsuite> <!-- EdgeTest -->
